\BOOKMARK [1][-]{section.1}{1 Introduction}{}% 1
\BOOKMARK [1][-]{section.2}{2 Background}{}% 2
\BOOKMARK [2][-]{subsection.2.1}{2.1 TryTryp Genomes}{section.2}% 3
\BOOKMARK [2][-]{subsection.2.2}{2.2 tRNA identity classifier}{section.2}% 4
\BOOKMARK [1][-]{section.3}{3 Specific Aims}{}% 5
\BOOKMARK [2][-]{subsection.3.1}{3.1 Developing a Eukaryotic tRNA identity classifier}{section.3}% 6
\BOOKMARK [2][-]{subsection.3.2}{3.2 reconstructing ancestral rearrangements of tRNA gene clusters in eukaryotic genomes}{section.3}% 7
\BOOKMARK [2][-]{subsection.3.3}{3.3 Developing a machine learning framework to model the evolution of tRNA genes on an input phylogenetic tree}{section.3}% 8
\BOOKMARK [1][-]{section.4}{4 Approach}{}% 9
\BOOKMARK [2][-]{subsection.4.1}{4.1 tRNA identity classifier}{section.4}% 10
\BOOKMARK [1][-]{section.5}{5 Work to Date}{}% 11
\BOOKMARK [2][-]{subsection.5.1}{5.1 Developing a Eukaryotic tRNA identity classifier}{section.5}% 12
\BOOKMARK [2][-]{subsection.5.2}{5.2 Predicting and annotating tRNA gene models}{section.5}% 13
\BOOKMARK [2][-]{subsection.5.3}{5.3 Summary of predicted TryTryp tRNA genes}{section.5}% 14
\BOOKMARK [2][-]{subsection.5.4}{5.4 Creating an alignment pipline for TriTryp tRNA gene models}{section.5}% 15
\BOOKMARK [2][-]{subsection.5.5}{5.5 Creating an identity classifier for TriTryp tRNA gene models}{section.5}% 16
\BOOKMARK [2][-]{subsection.5.6}{5.6 Finding potential Anti-codon shifts}{section.5}% 17
\BOOKMARK [2][-]{subsection.5.7}{5.7 identifying TriTryp-specific tRNA identity determinants in compare to Human tRNA genes}{section.5}% 18
\BOOKMARK [1][-]{section.6}{6 Timeline and Milestones}{}% 19
\BOOKMARK [1][-]{section.7}{7 Feasibility and Potential Pitfalls}{}% 20
\BOOKMARK [1][-]{section.8}{8 Significance}{}% 21
\BOOKMARK [2][-]{subsection.8.1}{8.1 tRNA identity classifier}{section.8}% 22
\BOOKMARK [2][-]{subsection.8.2}{8.2 Annotation of query tRNA genes}{section.8}% 23
\BOOKMARK [2][-]{subsection.8.3}{8.3 Detecting possible anticodon shifts}{section.8}% 24
\BOOKMARK [2][-]{subsection.8.4}{8.4 Detecting differences of indentity determinants between Trypanosoma and Human tRNA genes}{section.8}% 25
